  OGLApplication.cpp
  OGLAttribute.cpp
  OGLBar.cpp
OGLBar.cpp(34): warning C4244: 'argument' : conversion from 'double' to 'GLint', possible loss of data
  OGLBarChart.cpp
  OGLChart.cpp
OGLChart.cpp(30): warning C4244: 'argument' : conversion from 'float' to 'GLint', possible loss of data
OGLChart.cpp(32): warning C4244: 'argument' : conversion from 'float' to 'GLint', possible loss of data
OGLChart.cpp(40): warning C4244: 'argument' : conversion from 'double' to 'GLint', possible loss of data
OGLChart.cpp(50): warning C4244: '=' : conversion from 'double' to 'int', possible loss of data
OGLChart.cpp(51): warning C4244: '=' : conversion from 'double' to 'int', possible loss of data
OGLChart.cpp(55): warning C4244: '-=' : conversion from 'double' to 'int', possible loss of data
OGLChart.cpp(58): warning C4244: '-=' : conversion from 'double' to 'int', possible loss of data
OGLChart.cpp(60): warning C4244: '=' : conversion from 'double' to 'int', possible loss of data
OGLChart.cpp(61): warning C4244: '=' : conversion from 'double' to 'int', possible loss of data
  OGLCircle.cpp
  OGLData.cpp
OGLData.cpp(31): warning C4996: 'wcstok': This function or variable may be unsafe. Consider using wcstok_s instead. To disable deprecation, use _CRT_SECURE_NO_WARNINGS. See online help for details.
          C:\Program Files (x86)\Microsoft Visual Studio 12.0\VC\include\string.h(330) : see declaration of 'wcstok'
OGLData.cpp(36): warning C4996: 'wcstok': This function or variable may be unsafe. Consider using wcstok_s instead. To disable deprecation, use _CRT_SECURE_NO_WARNINGS. See online help for details.
          C:\Program Files (x86)\Microsoft Visual Studio 12.0\VC\include\string.h(330) : see declaration of 'wcstok'
OGLData.cpp(92): warning C4996: 'wcscpy': This function or variable may be unsafe. Consider using wcscpy_s instead. To disable deprecation, use _CRT_SECURE_NO_WARNINGS. See online help for details.
          C:\Program Files (x86)\Microsoft Visual Studio 12.0\VC\include\string.h(294) : see declaration of 'wcscpy'
  OGLDialogWindow.cpp
  OGLLine.cpp
  OGLLineChart.cpp
  OGLMainWindow.cpp
  OGLPieChart.cpp
OGLPieChart.cpp(48): warning C4244: 'initializing' : conversion from 'int' to 'float', possible loss of data
OGLPieChart.cpp(49): warning C4244: 'initializing' : conversion from 'int' to 'float', possible loss of data
OGLPieChart.cpp(61): warning C4244: 'argument' : conversion from 'float' to 'GLint', possible loss of data
OGLPieChart.cpp(74): warning C4244: '=' : conversion from 'double' to 'int', possible loss of data
OGLPieChart.cpp(75): warning C4244: '=' : conversion from 'double' to 'int', possible loss of data
  OGLRectangle.cpp
  OGLScatterPlot.cpp
  OGLSlice.cpp
  OGLWin32.cpp
  OGLWindow.cpp
OGLWindow.cpp(224): warning C4244: 'argument' : conversion from 'double' to 'GLfloat', possible loss of data
OGLWindow.cpp(225): warning C4244: 'argument' : conversion from 'double' to 'GLfloat', possible loss of data
  Vector2D.cpp
LINK : error LNK2001: unresolved external symbol __tWinMain
C:\Users\Joseph\Desktop\Graphics 1\OGLWin32_FINAL\OGLWin32 v2\Release\OGLWin32.exe : fatal error LNK1120: 1 unresolved externals
