  Vector2D.cpp
  OGLWindow.cpp
c:\users\joseph\desktop\graphics 1\oglwin32 v2_6\oglwin32 v2\oglwin32\oglwindow.cpp(224): warning C4244: 'argument' : conversion from 'double' to 'GLfloat', possible loss of data
c:\users\joseph\desktop\graphics 1\oglwin32 v2_6\oglwin32 v2\oglwin32\oglwindow.cpp(225): warning C4244: 'argument' : conversion from 'double' to 'GLfloat', possible loss of data
  OGLWin32.cpp
  OGLSlice.cpp
  OGLScatterPlot.cpp
  OGLRectangle.cpp
  OGLPieChart.cpp
c:\users\joseph\desktop\graphics 1\oglwin32 v2_6\oglwin32 v2\oglwin32\oglpiechart.cpp(48): warning C4244: 'initializing' : conversion from 'int' to 'float', possible loss of data
c:\users\joseph\desktop\graphics 1\oglwin32 v2_6\oglwin32 v2\oglwin32\oglpiechart.cpp(49): warning C4244: 'initializing' : conversion from 'int' to 'float', possible loss of data
c:\users\joseph\desktop\graphics 1\oglwin32 v2_6\oglwin32 v2\oglwin32\oglpiechart.cpp(61): warning C4244: 'argument' : conversion from 'float' to 'GLint', possible loss of data
c:\users\joseph\desktop\graphics 1\oglwin32 v2_6\oglwin32 v2\oglwin32\oglpiechart.cpp(74): warning C4244: '=' : conversion from 'double' to 'int', possible loss of data
c:\users\joseph\desktop\graphics 1\oglwin32 v2_6\oglwin32 v2\oglwin32\oglpiechart.cpp(75): warning C4244: '=' : conversion from 'double' to 'int', possible loss of data
  OGLMainWindow.cpp
  OGLLineChart.cpp
  OGLLine.cpp
  OGLDialogWindow.cpp
  OGLData.cpp
c:\users\joseph\desktop\graphics 1\oglwin32 v2_6\oglwin32 v2\oglwin32\ogldata.cpp(31): warning C4996: 'wcstok': This function or variable may be unsafe. Consider using wcstok_s instead. To disable deprecation, use _CRT_SECURE_NO_WARNINGS. See online help for details.
          c:\program files (x86)\microsoft visual studio 12.0\vc\include\string.h(330) : see declaration of 'wcstok'
c:\users\joseph\desktop\graphics 1\oglwin32 v2_6\oglwin32 v2\oglwin32\ogldata.cpp(36): warning C4996: 'wcstok': This function or variable may be unsafe. Consider using wcstok_s instead. To disable deprecation, use _CRT_SECURE_NO_WARNINGS. See online help for details.
          c:\program files (x86)\microsoft visual studio 12.0\vc\include\string.h(330) : see declaration of 'wcstok'
c:\users\joseph\desktop\graphics 1\oglwin32 v2_6\oglwin32 v2\oglwin32\ogldata.cpp(92): warning C4996: 'wcscpy': This function or variable may be unsafe. Consider using wcscpy_s instead. To disable deprecation, use _CRT_SECURE_NO_WARNINGS. See online help for details.
          c:\program files (x86)\microsoft visual studio 12.0\vc\include\string.h(294) : see declaration of 'wcscpy'
  OGLCircle.cpp
  OGLChart.cpp
c:\users\joseph\desktop\graphics 1\oglwin32 v2_6\oglwin32 v2\oglwin32\oglchart.cpp(30): warning C4244: 'argument' : conversion from 'float' to 'GLint', possible loss of data
c:\users\joseph\desktop\graphics 1\oglwin32 v2_6\oglwin32 v2\oglwin32\oglchart.cpp(32): warning C4244: 'argument' : conversion from 'float' to 'GLint', possible loss of data
c:\users\joseph\desktop\graphics 1\oglwin32 v2_6\oglwin32 v2\oglwin32\oglchart.cpp(40): warning C4244: 'argument' : conversion from 'double' to 'GLint', possible loss of data
c:\users\joseph\desktop\graphics 1\oglwin32 v2_6\oglwin32 v2\oglwin32\oglchart.cpp(50): warning C4244: '=' : conversion from 'double' to 'int', possible loss of data
c:\users\joseph\desktop\graphics 1\oglwin32 v2_6\oglwin32 v2\oglwin32\oglchart.cpp(51): warning C4244: '=' : conversion from 'double' to 'int', possible loss of data
c:\users\joseph\desktop\graphics 1\oglwin32 v2_6\oglwin32 v2\oglwin32\oglchart.cpp(55): warning C4244: '-=' : conversion from 'double' to 'int', possible loss of data
c:\users\joseph\desktop\graphics 1\oglwin32 v2_6\oglwin32 v2\oglwin32\oglchart.cpp(58): warning C4244: '-=' : conversion from 'double' to 'int', possible loss of data
c:\users\joseph\desktop\graphics 1\oglwin32 v2_6\oglwin32 v2\oglwin32\oglchart.cpp(60): warning C4244: '=' : conversion from 'double' to 'int', possible loss of data
c:\users\joseph\desktop\graphics 1\oglwin32 v2_6\oglwin32 v2\oglwin32\oglchart.cpp(61): warning C4244: '=' : conversion from 'double' to 'int', possible loss of data
  OGLBarChart.cpp
  OGLBar.cpp
c:\users\joseph\desktop\graphics 1\oglwin32 v2_6\oglwin32 v2\oglwin32\oglbar.cpp(34): warning C4244: 'argument' : conversion from 'double' to 'GLint', possible loss of data
  OGLAttribute.cpp
  OGLApplication.cpp
  Generating Code...
  OGLWin32.vcxproj -> C:\Users\Joseph\Desktop\Graphics 1\OGLWin32 v2_6\OGLWin32 v2\Debug\OGLWin32.exe
